00c00402 游戏载入中 : 2020bb [NeoGeo]
00c00402 游戏载入中 : 2020bb [NeoGeo]
00c00402 游戏载入中 : 2020bb [NeoGeo]
00000000 ====> 0x043f44cf (should be 0xb3adaff4)
00000000 ====> 0x043f44cf (should be 0xb3adaff4)
00000000 ====> 0x043f44cf (should be 0xb3adaff4)
00000000 ====> 0x043f44cf (should be 0xb3adaff4)
00000000 ====> 0x043f44cf (should be 0xb3adaff4)
00000000 DLL LOADED : 10000000
00000000 0
00c00402 游戏载入中 : kof2003b [NeoGeo]
00000000 DLL LOADED : 10000000
00000000 0
00c00402 游戏载入中 : kof2003b [NeoGeo]
00c00402 游戏载入中 : kof2003b [NeoGeo]
00000000 DLL LOADED : 10000000
00000000 0
00c00402 游戏载入中 : kof2003b [NeoGeo]
0000058a DLL LOADED : 10000000
0000058a 0
00c00402 游戏载入中 : kof2003b [NeoGeo]
00000000 DLL LOADED : 10000000
00000000 0
00000000 DLL LOADED : 10000000
00000000 0
00000000 DLL LOADED : 10000000
00000000 0
00c00402 游戏载入中 : kof2003b [NeoGeo]
00000000 DLL LOADED : 10000000
00000000 0
00000000 DLL LOADED : 10000000
00000000 0
00000000 DLL LOADED : 10000000
00000000 0
00c00402 游戏载入中 : kof2003b [NeoGeo]
00000000 DLL LOADED : 10000000
00000000 0
00c00402 游戏载入中 : kof2003b [NeoGeo]
00000000 DLL LOADED : 10000000
00000000 0
00000000 DLL LOADED : 10000000
00000000 0
00c00402 游戏载入中 : kof2003b [NeoGeo]
00c00402 游戏载入中 : kof2003b [NeoGeo]
00c00402 游戏载入中 : kof2003b [NeoGeo]
00c00402 游戏载入中 : kof2003b [NeoGeo]
00000000 DLL LOADED : 10000000
00000000 0
00c00402 游戏载入中 : kof2003b [NeoGeo]
00000000 DLL LOADED : 10000000
00000000 0
00c00402 游戏载入中 : kof2003b [NeoGeo]
00c00402 游戏载入中 : kof2003b [NeoGeo]
00000000 DLL LOADED : 10000000
00000000 0
00000000 DLL LOADED : 10000000
00000000 0
00000000 DLL LOADED : 10000000
00000000 0
00c00402 游戏载入中 : kof2003b [NeoGeo]
00c00402 游戏载入中 : kof2003b [NeoGeo]
00c00402 游戏载入中 : kof2003b [NeoGeo]
00000000 DLL LOADED : 10000000
00000000 0
00000000 DLL LOADED : 10000000
00000000 0
00000000 DLL LOADED : 10000000
00000000 0
00c00402 游戏载入中 : kof2003b [NeoGeo]
00c00402 游戏载入中 : kof2003b [NeoGeo]
00000000 DLL LOADED : 10000000
00000000 0
00c00402 游戏载入中 : kof2003b [NeoGeo]
00000000 DLL LOADED : 10000000
00000000 0
00000000 DLL LOADED : 10000000
00000000 0
00000000 DLL LOADED : 10000000
00000000 0
00c00402 游戏载入中 : kof2003b [NeoGeo]
00000000 DLL LOADED : 10000000
00000000 0
00c00402 游戏载入中 : kof2003b [NeoGeo]
00000000 DLL LOADED : 10000000
00000000 0
00c00402 游戏载入中 : kof2003b [NeoGeo]
00000000 ====> 0x043f44cf (should be 0xb3adaff4)
00000000 ====> 0x043f44cf (should be 0xb3adaff4)
00000000 ====> 0x043f44cf (should be 0xb3adaff4)
00000000 ====> 0x043f44cf (should be 0xb3adaff4)
00000000 ====> 0x043f44cf (should be 0xb3adaff4)
00000000 ====> 0x043f44cf (should be 0xb3adaff4)
00c00402 游戏载入中 : mslug5nd [NeoGeo]
00c00402 ====> 0x043f44cf (should be 0xb3adaff4)
00c00402 ====> 0x043f44cf (should be 0xb3adaff4)
00000236 游戏载入中 : sf2m2 [CPS1]
000c0680 ====> 0x043f44cf (should be 0xb3adaff4)
000c0680 ====> 0x043f44cf (should be 0xb3adaff4)
00000236 游戏载入中 : sf2m3 [CPS1]
000a6b36 ====> 0x043f44cf (should be 0xb3adaff4)
000a6b36 ====> 0x043f44cf (should be 0xb3adaff4)
00000236 游戏载入中 : sf2turyu [CPS1]
000c060e ====> 0x043f44cf (should be 0xb3adaff4)
00000000 ====> 0x043f44cf (should be 0xb3adaff4)
00000000 ====> 0x043f44cf (should be 0xb3adaff4)
00000000 DLL LOADED : 10000000
00000000 0
00000000 DLL LOADED : 10000000
00000000 0
00c00402 游戏载入中 : kof2003b [NeoGeo]
00c00402 游戏载入中 : kof2003b [NeoGeo]
00c00402 游戏载入中 : kof2003b [NeoGeo]
00000000 DLL LOADED : 10000000
00000000 0
00c00402 游戏载入中 : kof2003b [NeoGeo]
00000000 ====> 0x043f44cf (should be 0xb3adaff4)
00000000 ====> 0x043f44cf (should be 0xb3adaff4)
00000000 ====> 0x043f44cf (should be 0xb3adaff4)
00000000 ====> 0x043f44cf (should be 0xb3adaff4)
00000000 ====> 0x043f44cf (should be 0xb3adaff4)
00000000 ====> 0x043f44cf (should be 0xb3adaff4)
00000000 ====> 0x043f44cf (should be 0xb3adaff4)
00000000 ====> 0x043f44cf (should be 0xb3adaff4)
00c00402 游戏载入中 : kof2003b [NeoGeo]
00000000 ====> 0x043f44cf (should be 0xb3adaff4)
00000000 ====> 0x043f44cf (should be 0xb3adaff4)
00000000 ====> 0x043f44cf (should be 0xb3adaff4)
00c00402 游戏载入中 : kof2003 [NeoGeo]
0000058a ====> 0x043f44cf (should be 0xb3adaff4)
0000058a ====> 0x043f44cf (should be 0xb3adaff4)
00c00402 游戏载入中 : kof2003b [NeoGeo]
00000000 ====> 0x043f44cf (should be 0xb3adaff4)
00000000 ====> 0x043f44cf (should be 0xb3adaff4)
00000000 ====> 0x043f44cf (should be 0xb3adaff4)
00000000 ====> 0x043f44cf (should be 0xb3adaff4)
00000000 ====> 0x043f44cf (should be 0xb3adaff4)
00000000 ====> 0x043f44cf (should be 0xb3adaff4)
00000000 ====> 0x043f44cf (should be 0xb3adaff4)
00000000 ====> 0x043f44cf (should be 0xb3adaff4)
00000000 ====> 0x043f44cf (should be 0xb3adaff4)
00c00402 游戏载入中 : sonicwi2 [NeoGeo]
00c1871a ====> 0x043f44cf (should be 0xb3adaff4)
00000000 ====> 0x043f44cf (should be 0xb3adaff4)
00000000 ====> 0x043f44cf (should be 0xb3adaff4)
00000000 ====> 0x043f44cf (should be 0xb3adaff4)
00000000 ====> 0x043f44cf (should be 0xb3adaff4)
00000000 ====> 0x043f44cf (should be 0xb3adaff4)
00000000 ====> 0x043f44cf (should be 0xb3adaff4)
00000000 ====> 0x043f44cf (should be 0xb3adaff4)
00000000 ====> 0x043f44cf (should be 0xb3adaff4)
00000000 ====> 0x043f44cf (should be 0xb3adaff4)
00000000 ====> 0x043f44cf (should be 0xb3adaff4)
00000000 ====> 0x043f44cf (should be 0xb3adaff4)
00c00402 游戏载入中 : alpham2 [NeoGeo]
00000000 ====> 0x043f44cf (should be 0xb3adaff4)
00000000 ====> 0x043f44cf (should be 0xb3adaff4)
00000000 ====> 0x043f44cf (should be 0xb3adaff4)
00c00402 游戏载入中 : 3countb [NeoGeo]
00000000 ====> 0x043f44cf (should be 0xb3adaff4)
00000000 ====> 0x043f44cf (should be 0xb3adaff4)
00000000 ====> 0x043f44cf (should be 0xb3adaff4)
00c00402 游戏载入中 : sonicwi3 [NeoGeo]
00000000 ====> 0x043f44cf (should be 0xb3adaff4)
00000000 ====> 0x043f44cf (should be 0xb3adaff4)
00000000 ====> 0x043f44cf (should be 0xb3adaff4)
00c00402 游戏载入中 : 3countb [NeoGeo]
0000169e ====> 0x043f44cf (should be 0xb3adaff4)
0000169e ====> 0x043f44cf (should be 0xb3adaff4)
00c00402 游戏载入中 : sonicwi2 [NeoGeo]
0001e6c8 ====> 0x043f44cf (should be 0xb3adaff4)
0001e6c8 ====> 0x043f44cf (should be 0xb3adaff4)
00c00402 游戏载入中 : sonicwi3 [NeoGeo]
00020bac ====> 0x043f44cf (should be 0xb3adaff4)
00020bac ====> 0x043f44cf (should be 0xb3adaff4)
00c00402 游戏载入中 : aodk [NeoGeo]
0000ea62 ====> 0x043f44cf (should be 0xb3adaff4)
0000ea62 ====> 0x043f44cf (should be 0xb3adaff4)
00c00402 游戏载入中 : alpham2 [NeoGeo]
0000076e ====> 0x043f44cf (should be 0xb3adaff4)
0000076e ====> 0x043f44cf (should be 0xb3adaff4)
00c00402 游戏载入中 : androdun [NeoGeo]
000026d6 ====> 0x043f44cf (should be 0xb3adaff4)
000026d6 ====> 0x043f44cf (should be 0xb3adaff4)
00c00402 游戏载入中 : aof [NeoGeo]
00006790 ====> 0x043f44cf (should be 0xb3adaff4)
00006790 ====> 0x043f44cf (should be 0xb3adaff4)
00c00402 游戏载入中 : aof2 [NeoGeo]
00008c70 ====> 0x043f44cf (should be 0xb3adaff4)
00008c70 ====> 0x043f44cf (should be 0xb3adaff4)
00c00402 游戏载入中 : aof3 [NeoGeo]
000015d6 ====> 0x043f44cf (should be 0xb3adaff4)
00000000 ====> 0x043f44cf (should be 0xb3adaff4)
00000000 ====> 0x043f44cf (should be 0xb3adaff4)
00000000 ====> 0x043f44cf (should be 0xb3adaff4)
00000000 ====> 0x043f44cf (should be 0xb3adaff4)
00000000 ====> 0x043f44cf (should be 0xb3adaff4)
00000000 ====> 0x043f44cf (should be 0xb3adaff4)
00000000 ====> 0x043f44cf (should be 0xb3adaff4)
00c00402 游戏载入中 : bstars2 [NeoGeo]
00007e2c ====> 0x043f44cf (should be 0xb3adaff4)
00007e2c ====> 0x043f44cf (should be 0xb3adaff4)
00c00402 游戏载入中 : flipshot [NeoGeo]
0000116e ====> 0x043f44cf (should be 0xb3adaff4)
0000116e ====> 0x043f44cf (should be 0xb3adaff4)
00c00402 游戏载入中 : blazstar [NeoGeo]
00003b62 ====> 0x043f44cf (should be 0xb3adaff4)
00003b62 ====> 0x043f44cf (should be 0xb3adaff4)
00c00402 游戏载入中 : bjourney [NeoGeo]
0000e8aa ====> 0x043f44cf (should be 0xb3adaff4)
0000e8aa ====> 0x043f44cf (should be 0xb3adaff4)
00c00402 游戏载入中 : breakers [NeoGeo]
000014e6 ====> 0x043f44cf (should be 0xb3adaff4)
000014e6 ====> 0x043f44cf (should be 0xb3adaff4)
00c00402 游戏载入中 : breakrev [NeoGeo]
00c11c54 ====> 0x043f44cf (should be 0xb3adaff4)
00002640 ====> 0x043f44cf (should be 0xb3adaff4)
00002640 ====> 0x043f44cf (should be 0xb3adaff4)
00c00402 游戏载入中 : burningf [NeoGeo]
0000116e ====> 0x043f44cf (should be 0xb3adaff4)
0000116e ====> 0x043f44cf (should be 0xb3adaff4)
00c00402 游戏载入中 : marukodq [NeoGeo]
0000070e ====> 0x043f44cf (should be 0xb3adaff4)
0000070e ====> 0x043f44cf (should be 0xb3adaff4)
00c00402 游戏载入中 : ctomaday [NeoGeo]
000016ba ====> 0x043f44cf (should be 0xb3adaff4)
000016ba ====> 0x043f44cf (should be 0xb3adaff4)
00c00402 游戏载入中 : crsword [NeoGeo]
0000e47a ====> 0x043f44cf (should be 0xb3adaff4)
0000e47a ====> 0x043f44cf (should be 0xb3adaff4)
00c00402 游戏载入中 : cyberlip [NeoGeo]
00002218 ====> 0x043f44cf (should be 0xb3adaff4)
00002218 ====> 0x043f44cf (should be 0xb3adaff4)
00c00402 游戏载入中 : diggerma [NeoGeo]
000420a6 ====> 0x043f44cf (should be 0xb3adaff4)
000420a6 ====> 0x043f44cf (should be 0xb3adaff4)
00c00402 游戏载入中 : doubledr [NeoGeo]
00003574 ====> 0x043f44cf (should be 0xb3adaff4)
00003574 ====> 0x043f44cf (should be 0xb3adaff4)
00c00402 游戏载入中 : eightman [NeoGeo]
000012fa ====> 0x043f44cf (should be 0xb3adaff4)
000012fa ====> 0x043f44cf (should be 0xb3adaff4)
00c00402 游戏载入中 : fatfury1 [NeoGeo]
0000133c ====> 0x043f44cf (should be 0xb3adaff4)
0000133c ====> 0x043f44cf (should be 0xb3adaff4)
00c00402 游戏载入中 : fatfury2 [NeoGeo]
000010ea ====> 0x043f44cf (should be 0xb3adaff4)
000010ea ====> 0x043f44cf (should be 0xb3adaff4)
00c00402 游戏载入中 : fatfury3 [NeoGeo]
00009c50 ====> 0x043f44cf (should be 0xb3adaff4)
00009c50 ====> 0x043f44cf (should be 0xb3adaff4)
00c00402 游戏载入中 : fightfev [NeoGeo]
00020c60 ====> 0x043f44cf (should be 0xb3adaff4)
00020c60 ====> 0x043f44cf (should be 0xb3adaff4)
00c00402 游戏载入中 : ganryu [NeoGeo]
00008d98 ====> 0x043f44cf (should be 0xb3adaff4)
00008d98 ====> 0x043f44cf (should be 0xb3adaff4)
00008d98 ====> 0x043f44cf (should be 0xb3adaff4)
00000000 ====> 0x043f44cf (should be 0xb3adaff4)
00000000 ====> 0x043f44cf (should be 0xb3adaff4)
00000000 ====> 0x043f44cf (should be 0xb3adaff4)
00000000 ====> 0x043f44cf (should be 0xb3adaff4)
00000000 ====> 0x043f44cf (should be 0xb3adaff4)
00000000 ====> 0x043f44cf (should be 0xb3adaff4)
00c00402 游戏载入中 : sonicwi2 [NeoGeo]
00000000 ====> 0x043f44cf (should be 0xb3adaff4)
00000000 ====> 0x043f44cf (should be 0xb3adaff4)
00000000 ====> 0x043f44cf (should be 0xb3adaff4)
00000000 ====> 0x043f44cf (should be 0xb3adaff4)
00000000 ====> 0x043f44cf (should be 0xb3adaff4)
00000000 ====> 0x043f44cf (should be 0xb3adaff4)
00000000 ====> 0x043f44cf (should be 0xb3adaff4)
00c00402 游戏载入中 : kof96 [NeoGeo]
00000000 ====> 0x043f44cf (should be 0xb3adaff4)
00000000 ====> 0x043f44cf (should be 0xb3adaff4)
00000000 ====> 0x043f44cf (should be 0xb3adaff4)
00c00402 游戏载入中 : kof2knd [NeoGeo]
00000000 ====> 0x043f44cf (should be 0xb3adaff4)
00000000 ====> 0x043f44cf (should be 0xb3adaff4)
00000000 ====> 0x043f44cf (should be 0xb3adaff4)
00c00402 游戏载入中 : kof2k1nd [NeoGeo]
00000000 ====> 0x043f44cf (should be 0xb3adaff4)
00000000 ====> 0x043f44cf (should be 0xb3adaff4)
00000000 ====> 0x043f44cf (should be 0xb3adaff4)
00c00402 游戏载入中 : kof99nd [NeoGeo]
00000000 ====> 0x043f44cf (should be 0xb3adaff4)
00000000 ====> 0x043f44cf (should be 0xb3adaff4)
00000000 ====> 0x043f44cf (should be 0xb3adaff4)
00000000 ====> 0x043f44cf (should be 0xb3adaff4)
00000000 ====> 0x043f44cf (should be 0xb3adaff4)
00c00402 游戏载入中 : rbff2 [NeoGeo]
00000000 ====> 0x043f44cf (should be 0xb3adaff4)
00000000 ====> 0x043f44cf (should be 0xb3adaff4)
00000000 ====> 0x043f44cf (should be 0xb3adaff4)
00c00402 游戏载入中 : kof97a [NeoGeo]
00000000 ====> 0x043f44cf (should be 0xb3adaff4)
00000000 ====> 0x043f44cf (should be 0xb3adaff4)
00000000 ====> 0x043f44cf (should be 0xb3adaff4)
00c00402 游戏载入中 : kof97 [NeoGeo]
