    0    zoom 0fff   xctrl be00   yctrl 0000  code 00ff/0001  nb  0   -132,  0
    1    zoom 0fff   xctrl 0400   yctrl fc10  code 4e7a/d970  nb 16      8,  8
    2    zoom 0fff   xctrl a000   yctrl 0040  code 4e89/d970  nb 16     24,  8
    3    zoom 0fff   xctrl a000   yctrl 0040  code 4e97/d970  nb 16     40,  8
    4    zoom 0fff   xctrl a000   yctrl 0040  code 4ea6/d970  nb 16     56,  8
    5    zoom 0fff   xctrl a000   yctrl 0040  code 4eb6/d970  nb 16     72,  8
    6    zoom 0fff   xctrl a000   yctrl 0040  code 4ec5/d970  nb 16     88,  8
    7    zoom 0fff   xctrl a000   yctrl 0040  code 4ed3/d970  nb 16    104,  8
    8    zoom 0fff   xctrl a000   yctrl 0040  code 4ee1/d970  nb 16    120,  8
    9    zoom 0fff   xctrl a000   yctrl 0040  code 4eee/d970  nb 16    136,  8
   10    zoom 0fff   xctrl a000   yctrl 0040  code 4efd/d970  nb 16    152,  8
   11    zoom 0fff   xctrl a000   yctrl 0040  code 4f0c/d970  nb 16    168,  8
   12    zoom 0fff   xctrl a000   yctrl 0040  code 4f1c/d970  nb 16    184,  8
   13    zoom 0fff   xctrl a000   yctrl 0040  code 4f2c/d970  nb 16    200,  8
   14    zoom 0fff   xctrl a000   yctrl 0040  code 4f3c/d970  nb 16    216,  8
   15    zoom 0fff   xctrl a000   yctrl 0040  code 4f4c/d970  nb 16    232,  8
   16    zoom 0fff   xctrl a000   yctrl 0040  code 4f5c/d970  nb 16    248,  8
   17    zoom 0fff   xctrl a000   yctrl 0040  code 4f6c/d970  nb 16    264,  8
   18    zoom 0fff   xctrl a000   yctrl 0040  code 4f7c/d970  nb 16    280,  8
   19    zoom 0fff   xctrl a000   yctrl 0040  code 4f8c/d970  nb 16    296,  8
   20    zoom 0fff   xctrl a000   yctrl 0040  code 4f9c/d970  nb 16    312,  8
   21    zoom 0fff   xctrl 1200   yctrl ec0b  code 0000/0000  nb 11     36, 40
   22    zoom 0fff   xctrl a000   yctrl 0040  code 0000/0000  nb 11     52, 40
   23    zoom 0fff   xctrl a000   yctrl 0040  code 0000/0000  nb 11     68, 40
   24    zoom 0fff   xctrl a000   yctrl 0040  code 0000/0000  nb 11     84, 40
   25    zoom 0fff   xctrl a000   yctrl 0040  code 0000/0000  nb 11    100, 40
   26    zoom 0fff   xctrl a000   yctrl 0040  code 0000/0000  nb 11    116, 40
   27    zoom 0fff   xctrl a000   yctrl 0040  code 0000/0000  nb 11    132, 40
   28    zoom 0fff   xctrl 1200   yctrl ec0b  code 0000/0000  nb 11     36, 40
   29    zoom 0fff   xctrl a000   yctrl 0040  code 1bb3/8270  nb 11     52, 40
   30    zoom 0fff   xctrl a000   yctrl 0040  code 1bba/8270  nb 11     68, 40
   31    zoom 0fff   xctrl a000   yctrl 0040  code 1bbf/8270  nb 11     84, 40
   32    zoom 0fff   xctrl a000   yctrl 0040  code 0000/0000  nb 11    100, 40
   33    zoom 0fff   xctrl a000   yctrl 0040  code 0000/0000  nb 11    116, 40
   34    zoom 0fff   xctrl a000   yctrl 0040  code 0000/0000  nb 11    132, 40
   35    zoom 0fff   xctrl 2d00   yctrl e40a  code 0000/0000  nb 10     90, 56
   36    zoom 0fff   xctrl a000   yctrl 0040  code 0000/0000  nb 10    106, 56
   37    zoom 0fff   xctrl a000   yctrl 0040  code 0000/0000  nb 10    122, 56
   38    zoom 0fff   xctrl a000   yctrl 0040  code 0000/0000  nb 10    138, 56
   39    zoom 0fff   xctrl a000   yctrl 0040  code 0000/0000  nb 10    154, 56
   40    zoom 0fff   xctrl a000   yctrl 0040  code 0000/0000  nb 10    170, 56
   41    zoom 0fff   xctrl a000   yctrl 0040  code 0000/0000  nb 10    186, 56
   42    zoom 0fff   xctrl a000   yctrl 0040  code 0000/0000  nb 10    202, 56
   43    zoom 0fff   xctrl 3500   yctrl e40a  code 0000/0000  nb 10    106, 56
   44    zoom 0fff   xctrl a000   yctrl 0040  code 1c57/8670  nb 10    122, 56
   45    zoom 0fff   xctrl a000   yctrl 0040  code 1c5d/8670  nb 10    138, 56
   46    zoom 0fff   xctrl a000   yctrl 0040  code 1c64/8670  nb 10    154, 56
   47    zoom 0fff   xctrl a000   yctrl 0040  code 0000/0000  nb 10    170, 56
   48    zoom 0fff   xctrl a000   yctrl 0040  code 0000/0000  nb 10    186, 56
   49    zoom 0fff   xctrl 5580   yctrl ec0b  code 0000/0000  nb 11    171, 40
   50    zoom 0fff   xctrl a000   yctrl 0040  code 0000/0000  nb 11    187, 40
   51    zoom 0fff   xctrl a000   yctrl 0040  code 0000/0000  nb 11    203, 40
   52    zoom 0fff   xctrl a000   yctrl 0040  code 0000/0000  nb 11    219, 40
   53    zoom 0fff   xctrl a000   yctrl 0040  code 0000/0000  nb 11    235, 40
   54    zoom 0fff   xctrl a000   yctrl 0040  code 0000/0000  nb 11    251, 40
   55    zoom 0fff   xctrl a000   yctrl 0040  code 0000/0000  nb 11    267, 40
   56    zoom 0fff   xctrl a000   yctrl 0040  code 0000/0000  nb 11    283, 40
   57    zoom 0fff   xctrl 5580   yctrl ec0b  code 0000/0000  nb 11    171, 40
   58    zoom 0fff   xctrl a000   yctrl 0040  code 0000/0000  nb 11    187, 40
   59    zoom 0fff   xctrl a000   yctrl 0040  code 0000/0000  nb 11    203, 40
   60    zoom 0fff   xctrl a000   yctrl 0040  code 0000/0000  nb 11    219, 40
   61    zoom 0fff   xctrl a000   yctrl 0040  code 1c09/8470  nb 11    235, 40
   62    zoom 0fff   xctrl a000   yctrl 0040  code 1c13/8470  nb 11    251, 40
   63    zoom 0fff   xctrl a000   yctrl 0040  code 0000/0000  nb 11    267, 40
   64    zoom 0fff   xctrl a000   yctrl 0040  code 0000/0000  nb 11    283, 40
   65    zoom 0fff   xctrl a000   yctrl 0000  code 1b13/8070  nb  0   -192,  0
   66    zoom 0fff   xctrl a000   yctrl 0000  code 1b1e/8070  nb  0   -192,  0
   67    zoom 0fff   xctrl a000   yctrl 0000  code 1b29/8070  nb  0   -192,  0
   68    zoom 0fff   xctrl a000   yctrl 0000  code 1b34/8070  nb  0   -192,  0
   69    zoom 0fff   xctrl a000   yctrl 0000  code 1b3f/8070  nb  0   -192,  0
   70    zoom 0fff   xctrl a000   yctrl 0000  code 1b4a/8070  nb  0   -192,  0
   71    zoom 0fff   xctrl a000   yctrl 0000  code 1b53/8070  nb  0   -192,  0
   72    zoom 0fff   xctrl a000   yctrl 0000  code 1b5b/8070  nb  0   -192,  0
   73    zoom 0fff   xctrl a000   yctrl 0000  code 1b62/8070  nb  0   -192,  0
   74    zoom 0fff   xctrl a000   yctrl 0000  code 1b68/8070  nb  0   -192,  0
   75    zoom 0fff   xctrl a000   yctrl 0000  code 1b6f/8070  nb  0   -192,  0
   76    zoom 0fff   xctrl a000   yctrl 0000  code 1b77/8070  nb  0   -192,  0
   77    zoom 0fff   xctrl a000   yctrl 0000  code 0994/5070  nb  0   -192,  0
   78    zoom 0fff   xctrl a000   yctrl 0000  code 0000/0000  nb  0   -192,  0
   79    zoom 0fff   xctrl a000   yctrl 0000  code 0000/0000  nb  0   -192,  0
   80    zoom 0fff   xctrl a000   yctrl 0000  code 0000/0000  nb  0   -192,  0
   81    zoom 0fff   xctrl a000   yctrl 0000  code 0948/4f70  nb  0   -192,  0
   82    zoom 0fff   xctrl a000   yctrl 0000  code 0952/4f70  nb  0   -192,  0
   83    zoom 0fff   xctrl a000   yctrl 0000  code 095d/4f70  nb  0   -192,  0
   84    zoom 0fff   xctrl a000   yctrl 0000  code 0000/0000  nb  0   -192,  0
   85    zoom 0fff   xctrl a000   yctrl 0000  code 0000/0000  nb  0   -192,  0
   86    zoom 0fff   xctrl a000   yctrl 0000  code 0000/0000  nb  0   -192,  0
   87    zoom 0fff   xctrl a000   yctrl 0000  code 096f/5070  nb  0   -192,  0
   88    zoom 0fff   xctrl a000   yctrl 0000  code 0a4c/5070  nb  0   -192,  0
   89    zoom 0fff   xctrl a000   yctrl 0000  code 0000/0000  nb  0   -192,  0
   90    zoom 0fff   xctrl a000   yctrl 0000  code 04c7/5070  nb  0   -192,  0
   91    zoom 0fff   xctrl a000   yctrl 0000  code 097f/5070  nb  0   -192,  0
   92    zoom 0fff   xctrl a000   yctrl 0000  code 098a/5070  nb  0   -192,  0
   93    zoom 0fff   xctrl a000   yctrl 0000  code 0994/5070  nb  0   -192,  0
   94    zoom 0fff   xctrl a000   yctrl 0000  code 0000/0000  nb  0   -192,  0
   95    zoom 0fff   xctrl a000   yctrl 0000  code 0000/0000  nb  0   -192,  0
   96    zoom 0fff   xctrl a000   yctrl 0000  code 0000/0000  nb  0   -192,  0
   97    zoom 0000   xctrl a000   yctrl 0000  code 1840/1841  nb  0   -192,  0
   98    zoom 0000   xctrl a000   yctrl 0000  code 1880/1881  nb  0   -192,  0
   99    zoom 0000   xctrl a000   yctrl 0000  code 18c0/18c1  nb  0   -192,  0
  100    zoom 0000   xctrl a000   yctrl 0000  code 1900/1901  nb  0   -192,  0
  101    zoom 0fff   xctrl a000   yctrl 0000  code 1940/1941  nb  0   -192,  0
  102    zoom 0fff   xctrl a000   yctrl 0000  code 1980/1981  nb  0   -192,  0
  103    zoom 0fff   xctrl a000   yctrl 0000  code 19c0/19c1  nb  0   -192,  0
  104    zoom 0fff   xctrl a000   yctrl 0000  code 1a00/1a01  nb  0   -192,  0
  105    zoom 0fff   xctrl a000   yctrl 0000  code 1a40/1a41  nb  0   -192,  0
  106    zoom 0fff   xctrl a000   yctrl 0000  code 1a80/1a81  nb  0   -192,  0
  107    zoom 0fff   xctrl a000   yctrl 0000  code 1ac0/1ac1  nb  0   -192,  0
  108    zoom 0fff   xctrl a000   yctrl 0000  code 1b00/1b01  nb  0   -192,  0
  109    zoom 0fff   xctrl a000   yctrl 0000  code 1b40/1b41  nb  0   -192,  0
  110    zoom 0fff   xctrl a000   yctrl 0000  code 1b80/1b81  nb  0   -192,  0
  111    zoom 0fff   xctrl a000   yctrl 0000  code 1bc0/1bc1  nb  0   -192,  0
  112    zoom 0fff   xctrl a000   yctrl 0000  code 1c00/1c01  nb  0   -192,  0
  113    zoom 0fff   xctrl a000   yctrl 0000  code 1c40/1c41  nb  0   -192,  0
  114    zoom 0fff   xctrl a000   yctrl 0000  code 1c80/1c81  nb  0   -192,  0
  115    zoom 0fff   xctrl a000   yctrl 0000  code 1cc0/1cc1  nb  0   -192,  0
  116    zoom 0fff   xctrl a000   yctrl 0000  code 1d00/1d01  nb  0   -192,  0
  117    zoom 0fff   xctrl a000   yctrl 0000  code 1d40/1d41  nb  0   -192,  0
  118    zoom 0fff   xctrl a000   yctrl 0000  code 1d80/1d81  nb  0   -192,  0
  119    zoom 0fff   xctrl a000   yctrl 0000  code 1dc0/1dc1  nb  0   -192,  0
  120    zoom 0fff   xctrl a000   yctrl 0000  code 1e00/1e01  nb  0   -192,  0
  121    zoom 0fff   xctrl a000   yctrl 0000  code 1e40/1e41  nb  0   -192,  0
  122    zoom 0fff   xctrl a000   yctrl 0000  code 1e80/1e81  nb  0   -192,  0
  123    zoom 0fff   xctrl a000   yctrl 0000  code 1ec0/1ec1  nb  0   -192,  0
  124    zoom 0fff   xctrl a000   yctrl 0000  code 1f00/1f01  nb  0   -192,  0
  125    zoom 0fff   xctrl a000   yctrl 0000  code 1f40/1f41  nb  0   -192,  0
  126    zoom 0fff   xctrl a000   yctrl 0000  code 1f80/1f81  nb  0   -192,  0
  127    zoom 0fff   xctrl a000   yctrl 0000  code 1fc0/1fc1  nb  0   -192,  0
  128    zoom 0fff   xctrl a000   yctrl 0000  code 2000/2001  nb  0   -192,  0
  129    zoom 0fff   xctrl a000   yctrl 0000  code 2040/2041  nb  0   -192,  0
  130    zoom 0fff   xctrl a000   yctrl 0000  code 2080/2081  nb  0   -192,  0
  131    zoom 0fff   xctrl a000   yctrl 0000  code 20c0/20c1  nb  0   -192,  0
  132    zoom 0fff   xctrl a000   yctrl 0000  code 2100/2101  nb  0   -192,  0
  133    zoom 0fff   xctrl a000   yctrl 0000  code 2140/2141  nb  0   -192,  0
  134    zoom 0fff   xctrl a000   yctrl 0000  code 2180/2181  nb  0   -192,  0
  135    zoom 0fff   xctrl a000   yctrl 0000  code 21c0/21c1  nb  0   -192,  0
  136    zoom 0fff   xctrl a000   yctrl 0000  code 2200/2201  nb  0   -192,  0
  137    zoom 0fff   xctrl a000   yctrl 0000  code 2240/2241  nb  0   -192,  0
  138    zoom 0fff   xctrl a000   yctrl 0000  code 2280/2281  nb  0   -192,  0
  139    zoom 0fff   xctrl a000   yctrl 0000  code 22c0/22c1  nb  0   -192,  0
  140    zoom 0fff   xctrl a000   yctrl 0000  code 2300/2301  nb  0   -192,  0
  141    zoom 0fff   xctrl a000   yctrl 0000  code 2340/2341  nb  0   -192,  0
  142    zoom 0fff   xctrl a000   yctrl 0000  code 2380/2381  nb  0   -192,  0
  143    zoom 0fff   xctrl a000   yctrl 0000  code 23c0/23c1  nb  0   -192,  0
  144    zoom 0fff   xctrl a000   yctrl 0000  code 2400/2401  nb  0   -192,  0
  145    zoom 0fff   xctrl a000   yctrl 0000  code 2440/2441  nb  0   -192,  0
  146    zoom 0fff   xctrl a000   yctrl 0000  code 2480/2481  nb  0   -192,  0
  147    zoom 0fff   xctrl a000   yctrl 0000  code 24c0/24c1  nb  0   -192,  0
  148    zoom 0fff   xctrl a000   yctrl 0000  code 2500/2501  nb  0   -192,  0
  149    zoom 0fff   xctrl a000   yctrl 0000  code 2540/2541  nb  0   -192,  0
  150    zoom 0fff   xctrl a000   yctrl 0000  code 2580/2581  nb  0   -192,  0
  151    zoom 0fff   xctrl a000   yctrl 0000  code 25c0/25c1  nb  0   -192,  0
  152    zoom 0fff   xctrl a000   yctrl 0000  code 2600/2601  nb  0   -192,  0
  153    zoom 0fff   xctrl a000   yctrl 0000  code 2640/2641  nb  0   -192,  0
  154    zoom 0fff   xctrl a000   yctrl 0000  code 2680/2681  nb  0   -192,  0
  155    zoom 0fff   xctrl a000   yctrl 0000  code 26c0/26c1  nb  0   -192,  0
  156    zoom 0fff   xctrl a000   yctrl 0000  code 2700/2701  nb  0   -192,  0
  157    zoom 0fff   xctrl a000   yctrl 0000  code 2740/2741  nb  0   -192,  0
  158    zoom 0fff   xctrl a000   yctrl 0000  code 2780/2781  nb  0   -192,  0
  159    zoom 0fff   xctrl a000   yctrl 0000  code 27c0/27c1  nb  0   -192,  0
  160    zoom 0fff   xctrl a000   yctrl 0000  code 2800/2801  nb  0   -192,  0
  161    zoom 0fff   xctrl a000   yctrl 0000  code 2840/2841  nb  0   -192,  0
  162    zoom 0fff   xctrl a000   yctrl 0000  code 2880/2881  nb  0   -192,  0
  163    zoom 0fff   xctrl a000   yctrl 0000  code 28c0/28c1  nb  0   -192,  0
  164    zoom 0fff   xctrl a000   yctrl 0000  code 2900/2901  nb  0   -192,  0
  165    zoom 0fff   xctrl a000   yctrl 0000  code 2940/2941  nb  0   -192,  0
  166    zoom 0fff   xctrl a000   yctrl 0000  code 2980/2981  nb  0   -192,  0
  167    zoom 0fff   xctrl a000   yctrl 0000  code 29c0/29c1  nb  0   -192,  0
  168    zoom 0fff   xctrl a000   yctrl 0000  code 2a00/2a01  nb  0   -192,  0
  169    zoom 0fff   xctrl a000   yctrl 0000  code 2a40/2a41  nb  0   -192,  0
  170    zoom 0fff   xctrl a000   yctrl 0000  code 2a80/2a81  nb  0   -192,  0
  171    zoom 0fff   xctrl a000   yctrl 0000  code 2ac0/2ac1  nb  0   -192,  0
  172    zoom 0fff   xctrl a000   yctrl 0000  code 2b00/2b01  nb  0   -192,  0
  173    zoom 0fff   xctrl a000   yctrl 0000  code 2b40/2b41  nb  0   -192,  0
  174    zoom 0fff   xctrl a000   yctrl 0000  code 2b80/2b81  nb  0   -192,  0
  175    zoom 0fff   xctrl a000   yctrl 0000  code 2bc0/2bc1  nb  0   -192,  0
  176    zoom 0fff   xctrl a000   yctrl 0000  code 2c00/2c01  nb  0   -192,  0
  177    zoom 0fff   xctrl a000   yctrl 0000  code 2c40/2c41  nb  0   -192,  0
  178    zoom 0fff   xctrl a000   yctrl 0000  code 2c80/2c81  nb  0   -192,  0
  179    zoom 0fff   xctrl a000   yctrl 0000  code 2cc0/2cc1  nb  0   -192,  0
  180    zoom 0fff   xctrl a000   yctrl 0000  code 2d00/2d01  nb  0   -192,  0
  181    zoom 0fff   xctrl 0400   yctrl 0000  code 4e7a/d970  nb  0      8,  0
  182    zoom 0fff   xctrl a000   yctrl 0000  code 4e89/d970  nb  0   -192,  0
  183    zoom 0fff   xctrl a000   yctrl 0000  code 4e97/d970  nb  0   -192,  0
  184    zoom 0fff   xctrl a000   yctrl 0000  code 4ea6/d970  nb  0   -192,  0
  185    zoom 0fff   xctrl a000   yctrl 0000  code 4eb6/d970  nb  0   -192,  0
  186    zoom 0fff   xctrl a000   yctrl 0000  code 4ec5/d970  nb  0   -192,  0
  187    zoom 0fff   xctrl a000   yctrl 0000  code 4ed3/d970  nb  0   -192,  0
  188    zoom 0fff   xctrl a000   yctrl 0000  code 4ee1/d970  nb  0   -192,  0
  189    zoom 0fff   xctrl a000   yctrl 0000  code 4eee/d970  nb  0   -192,  0
  190    zoom 0fff   xctrl a000   yctrl 0000  code 4efd/d970  nb  0   -192,  0
  191    zoom 0fff   xctrl a000   yctrl 0000  code 4f0c/d970  nb  0   -192,  0
  192    zoom 0fff   xctrl a000   yctrl 0000  code 4f1c/d970  nb  0   -192,  0
  193    zoom 0fff   xctrl a000   yctrl 0000  code 4f2c/d970  nb  0   -192,  0
  194    zoom 0fff   xctrl a000   yctrl 0000  code 4f3c/d970  nb  0   -192,  0
  195    zoom 0fff   xctrl a000   yctrl 0000  code 4f4c/d970  nb  0   -192,  0
  196    zoom 0fff   xctrl a000   yctrl 0000  code 4f5c/d970  nb  0   -192,  0
  197    zoom 0fff   xctrl a000   yctrl 0000  code 4f6c/d970  nb  0   -192,  0
  198    zoom 0fff   xctrl a000   yctrl 0000  code 4f7c/d970  nb  0   -192,  0
  199    zoom 0fff   xctrl a000   yctrl 0000  code 4f8c/d970  nb  0   -192,  0
  200    zoom 0fff   xctrl a000   yctrl 0000  code 4f9c/d970  nb  0   -192,  0
  201    zoom 0fff   xctrl 1200   yctrl 0000  code 0000/0000  nb  0     36,  0
  202    zoom 0fff   xctrl a000   yctrl 0000  code 0000/0000  nb  0   -192,  0
  203    zoom 0fff   xctrl a000   yctrl 0000  code 0000/0000  nb  0   -192,  0
  204    zoom 0fff   xctrl a000   yctrl 0000  code 0000/0000  nb  0   -192,  0
  205    zoom 0fff   xctrl a000   yctrl 0000  code 0000/0000  nb  0   -192,  0
  206    zoom 0fff   xctrl a000   yctrl 0000  code 0000/0000  nb  0   -192,  0
  207    zoom 0fff   xctrl a000   yctrl 0000  code 0000/0000  nb  0   -192,  0
  208    zoom 0fff   xctrl 1200   yctrl 0000  code 0000/0000  nb  0     36,  0
  209    zoom 0fff   xctrl a000   yctrl 0000  code 1bb3/8270  nb  0   -192,  0
  210    zoom 0fff   xctrl a000   yctrl 0000  code 1bba/8270  nb  0   -192,  0
  211    zoom 0fff   xctrl a000   yctrl 0000  code 1bbf/8270  nb  0   -192,  0
  212    zoom 0fff   xctrl a000   yctrl 0000  code 0000/0000  nb  0   -192,  0
  213    zoom 0fff   xctrl a000   yctrl 0000  code 0000/0000  nb  0   -192,  0
  214    zoom 0fff   xctrl a000   yctrl 0000  code 0000/0000  nb  0   -192,  0
  215    zoom 0fff   xctrl 2d00   yctrl 0000  code 0000/0000  nb  0     90,  0
  216    zoom 0fff   xctrl a000   yctrl 0000  code 0000/0000  nb  0   -192,  0
  217    zoom 0fff   xctrl a000   yctrl 0000  code 0000/0000  nb  0   -192,  0
  218    zoom 0fff   xctrl a000   yctrl 0000  code 0000/0000  nb  0   -192,  0
  219    zoom 0fff   xctrl a000   yctrl 0000  code 0000/0000  nb  0   -192,  0
  220    zoom 0fff   xctrl a000   yctrl 0000  code 0000/0000  nb  0   -192,  0
  221    zoom 0fff   xctrl a000   yctrl 0000  code 0000/0000  nb  0   -192,  0
  222    zoom 0fff   xctrl a000   yctrl 0000  code 0000/0000  nb  0   -192,  0
  223    zoom 0fff   xctrl 3500   yctrl 0000  code 0000/0000  nb  0    106,  0
  224    zoom 0fff   xctrl a000   yctrl 0000  code 1c57/8670  nb  0   -192,  0
  225    zoom 0fff   xctrl a000   yctrl 0000  code 1c5d/8670  nb  0   -192,  0
  226    zoom 0fff   xctrl a000   yctrl 0000  code 1c64/8670  nb  0   -192,  0
  227    zoom 0fff   xctrl a000   yctrl 0000  code 0000/0000  nb  0   -192,  0
  228    zoom 0fff   xctrl a000   yctrl 0000  code 0000/0000  nb  0   -192,  0
  229    zoom 0fff   xctrl 5580   yctrl 0000  code 0000/0000  nb  0    171,  0
  230    zoom 0fff   xctrl a000   yctrl 0000  code 0000/0000  nb  0   -192,  0
  231    zoom 0fff   xctrl a000   yctrl 0000  code 0000/0000  nb  0   -192,  0
  232    zoom 0fff   xctrl a000   yctrl 0000  code 0000/0000  nb  0   -192,  0
  233    zoom 0fff   xctrl a000   yctrl 0000  code 0000/0000  nb  0   -192,  0
  234    zoom 0fff   xctrl a000   yctrl 0000  code 0000/0000  nb  0   -192,  0
  235    zoom 0fff   xctrl a000   yctrl 0000  code 0000/0000  nb  0   -192,  0
  236    zoom 0fff   xctrl a000   yctrl 0000  code 0000/0000  nb  0   -192,  0
  237    zoom 0fff   xctrl 5580   yctrl 0000  code 0000/0000  nb  0    171,  0
  238    zoom 0fff   xctrl a000   yctrl 0000  code 0000/0000  nb  0   -192,  0
  239    zoom 0fff   xctrl a000   yctrl 0000  code 0000/0000  nb  0   -192,  0
  240    zoom 0fff   xctrl a000   yctrl 0000  code 0000/0000  nb  0   -192,  0
  241    zoom 0fff   xctrl a000   yctrl 0000  code 1c09/8470  nb  0   -192,  0
  242    zoom 0fff   xctrl a000   yctrl 0000  code 1c13/8470  nb  0   -192,  0
  243    zoom 0fff   xctrl a000   yctrl 0000  code 0000/0000  nb  0   -192,  0
  244    zoom 0fff   xctrl a000   yctrl 0000  code 0000/0000  nb  0   -192,  0
  245    zoom 0fff   xctrl a000   yctrl 0000  code 1b13/8070  nb  0   -192,  0
  246    zoom 0fff   xctrl a000   yctrl 0000  code 1b1e/8070  nb  0   -192,  0
  247    zoom 0fff   xctrl a000   yctrl 0000  code 1b29/8070  nb  0   -192,  0
  248    zoom 0fff   xctrl a000   yctrl 0000  code 1b34/8070  nb  0   -192,  0
  249    zoom 0fff   xctrl a000   yctrl 0000  code 1b3f/8070  nb  0   -192,  0
  250    zoom 0fff   xctrl a000   yctrl 0000  code 1b4a/8070  nb  0   -192,  0
  251    zoom 0fff   xctrl a000   yctrl 0000  code 1b53/8070  nb  0   -192,  0
  252    zoom 0fff   xctrl a000   yctrl 0000  code 1b5b/8070  nb  0   -192,  0
  253    zoom 0fff   xctrl a000   yctrl 0000  code 1b62/8070  nb  0   -192,  0
  254    zoom 0fff   xctrl a000   yctrl 0000  code 1b68/8070  nb  0   -192,  0
  255    zoom 0fff   xctrl a000   yctrl 0000  code 1b6f/8070  nb  0   -192,  0
  256    zoom 0fff   xctrl a000   yctrl 0000  code 1b77/8070  nb  0   -192,  0
  257    zoom 0fff   xctrl a000   yctrl 0000  code 0994/5070  nb  0   -192,  0
  258    zoom 0fff   xctrl a000   yctrl 0000  code 0000/0000  nb  0   -192,  0
  259    zoom 0fff   xctrl a000   yctrl 0000  code 0000/0000  nb  0   -192,  0
  260    zoom 0fff   xctrl a000   yctrl 0000  code 0000/0000  nb  0   -192,  0
  261    zoom 0fff   xctrl a000   yctrl 0000  code 0948/4f70  nb  0   -192,  0
  262    zoom 0fff   xctrl a000   yctrl 0000  code 0952/4f70  nb  0   -192,  0
  263    zoom 0fff   xctrl a000   yctrl 0000  code 095d/4f70  nb  0   -192,  0
  264    zoom 0fff   xctrl a000   yctrl 0000  code 0000/0000  nb  0   -192,  0
  265    zoom 0fff   xctrl a000   yctrl 0000  code 0000/0000  nb  0   -192,  0
  266    zoom 0fff   xctrl a000   yctrl 0000  code 0000/0000  nb  0   -192,  0
  267    zoom 0fff   xctrl a000   yctrl 0000  code 096f/5070  nb  0   -192,  0
  268    zoom 0fff   xctrl a000   yctrl 0000  code 0a4c/5070  nb  0   -192,  0
  269    zoom 0fff   xctrl a000   yctrl 0000  code 0000/0000  nb  0   -192,  0
  270    zoom 0fff   xctrl a000   yctrl 0000  code 04c7/5070  nb  0   -192,  0
  271    zoom 0fff   xctrl a000   yctrl 0000  code 097f/5070  nb  0   -192,  0
  272    zoom 0fff   xctrl a000   yctrl 0000  code 098a/5070  nb  0   -192,  0
  273    zoom 0fff   xctrl a000   yctrl 0000  code 0994/5070  nb  0   -192,  0
  274    zoom 0fff   xctrl a000   yctrl 0000  code 0000/0000  nb  0   -192,  0
  275    zoom 0fff   xctrl a000   yctrl 0000  code 0000/0000  nb  0   -192,  0
  276    zoom 0fff   xctrl a000   yctrl 0000  code 0000/0000  nb  0   -192,  0
  277    zoom 0fff   xctrl a000   yctrl 0000  code 4540/4541  nb  0   -192,  0
  278    zoom 0fff   xctrl a000   yctrl 0000  code 4580/4581  nb  0   -192,  0
  279    zoom 0fff   xctrl a000   yctrl 0000  code 45c0/45c1  nb  0   -192,  0
  280    zoom 0fff   xctrl a000   yctrl 0000  code 4600/4601  nb  0   -192,  0
  281    zoom 0fff   xctrl a000   yctrl 0000  code 4640/4641  nb  0   -192,  0
  282    zoom 0fff   xctrl a000   yctrl 0000  code 4680/4681  nb  0   -192,  0
  283    zoom 0fff   xctrl a000   yctrl 0000  code 46c0/46c1  nb  0   -192,  0
  284    zoom 0fff   xctrl a000   yctrl 0000  code 4700/4701  nb  0   -192,  0
  285    zoom 0fff   xctrl a000   yctrl 0000  code 4740/4741  nb  0   -192,  0
  286    zoom 0fff   xctrl a000   yctrl 0000  code 4780/4781  nb  0   -192,  0
  287    zoom 0fff   xctrl a000   yctrl 0000  code 47c0/47c1  nb  0   -192,  0
  288    zoom 0fff   xctrl a000   yctrl 0000  code 4800/4801  nb  0   -192,  0
  289    zoom 0fff   xctrl a000   yctrl 0000  code 4840/4841  nb  0   -192,  0
  290    zoom 0fff   xctrl a000   yctrl 0000  code 4880/4881  nb  0   -192,  0
  291    zoom 0fff   xctrl a000   yctrl 0000  code 48c0/48c1  nb  0   -192,  0
  292    zoom 0fff   xctrl a000   yctrl 0000  code 4900/4901  nb  0   -192,  0
  293    zoom 0fff   xctrl a000   yctrl 0000  code 4940/4941  nb  0   -192,  0
  294    zoom 0fff   xctrl a000   yctrl 0000  code 4980/4981  nb  0   -192,  0
  295    zoom 0fff   xctrl a000   yctrl 0000  code 49c0/49c1  nb  0   -192,  0
  296    zoom 0fff   xctrl a000   yctrl 0000  code 4a00/4a01  nb  0   -192,  0
  297    zoom 0fff   xctrl a000   yctrl 0000  code 4a40/4a41  nb  0   -192,  0
  298    zoom 0fff   xctrl a000   yctrl 0000  code 4a80/4a81  nb  0   -192,  0
  299    zoom 0fff   xctrl a000   yctrl 0000  code 4ac0/4ac1  nb  0   -192,  0
  300    zoom 0fff   xctrl a000   yctrl 0000  code 4b00/4b01  nb  0   -192,  0
  301    zoom 0fff   xctrl a000   yctrl 0000  code 4b40/4b41  nb  0   -192,  0
  302    zoom 0fff   xctrl a000   yctrl 0000  code 4b80/4b81  nb  0   -192,  0
  303    zoom 0fff   xctrl a000   yctrl 0000  code 4bc0/4bc1  nb  0   -192,  0
  304    zoom 0fff   xctrl a000   yctrl 0000  code 4c00/4c01  nb  0   -192,  0
  305    zoom 0fff   xctrl a000   yctrl 0000  code 4c40/4c41  nb  0   -192,  0
  306    zoom 0fff   xctrl a000   yctrl 0000  code 4c80/4c81  nb  0   -192,  0
  307    zoom 0fff   xctrl a000   yctrl 0000  code 4cc0/4cc1  nb  0   -192,  0
  308    zoom 0fff   xctrl a000   yctrl 0000  code 4d00/4d01  nb  0   -192,  0
  309    zoom 0fff   xctrl a000   yctrl 0000  code 4d40/4d41  nb  0   -192,  0
  310    zoom 0fff   xctrl a000   yctrl 0000  code 4d80/4d81  nb  0   -192,  0
  311    zoom 0fff   xctrl a000   yctrl 0000  code 4dc0/4dc1  nb  0   -192,  0
  312    zoom 0fff   xctrl a000   yctrl 0000  code 4e00/4e01  nb  0   -192,  0
  313    zoom 0fff   xctrl a000   yctrl 0000  code 4e40/4e41  nb  0   -192,  0
  314    zoom 0fff   xctrl a000   yctrl 0000  code 4e80/4e81  nb  0   -192,  0
  315    zoom 0fff   xctrl a000   yctrl 0000  code 4ec0/4ec1  nb  0   -192,  0
  316    zoom 0fff   xctrl a000   yctrl 0000  code 4f00/4f01  nb  0   -192,  0
  317    zoom 0fff   xctrl a000   yctrl 0000  code 4f40/4f41  nb  0   -192,  0
  318    zoom 0fff   xctrl a000   yctrl 0000  code 4f80/4f81  nb  0   -192,  0
  319    zoom 0fff   xctrl a000   yctrl 0000  code 4fc0/4fc1  nb  0   -192,  0
  320    zoom 0fff   xctrl a000   yctrl 0000  code 5000/5001  nb  0   -192,  0
  321    zoom 0fff   xctrl a000   yctrl 0000  code 5040/5041  nb  0   -192,  0
  322    zoom 0fff   xctrl a000   yctrl 0000  code 5080/5081  nb  0   -192,  0
  323    zoom 0fff   xctrl a000   yctrl 0000  code 50c0/50c1  nb  0   -192,  0
  324    zoom 0fff   xctrl a000   yctrl 0000  code 5100/5101  nb  0   -192,  0
  325    zoom 0fff   xctrl a000   yctrl 0000  code 5140/5141  nb  0   -192,  0
  326    zoom 0fff   xctrl a000   yctrl 0000  code 5180/5181  nb  0   -192,  0
  327    zoom 0fff   xctrl a000   yctrl 0000  code 51c0/51c1  nb  0   -192,  0
  328    zoom 0fff   xctrl a000   yctrl 0000  code 5200/5201  nb  0   -192,  0
  329    zoom 0fff   xctrl a000   yctrl 0000  code 5240/5241  nb  0   -192,  0
  330    zoom 0fff   xctrl a000   yctrl 0000  code 5280/5281  nb  0   -192,  0
  331    zoom 0fff   xctrl a000   yctrl 0000  code 52c0/52c1  nb  0   -192,  0
  332    zoom 0fff   xctrl a000   yctrl 0000  code 5300/5301  nb  0   -192,  0
  333    zoom 0fff   xctrl a000   yctrl 0000  code 5340/5341  nb  0   -192,  0
  334    zoom 0fff   xctrl a000   yctrl 0000  code 5380/5381  nb  0   -192,  0
  335    zoom 0fff   xctrl a000   yctrl 0000  code 53c0/53c1  nb  0   -192,  0
  336    zoom 0fff   xctrl a000   yctrl 0000  code 5400/5401  nb  0   -192,  0
  337    zoom 0fff   xctrl a000   yctrl 0000  code 5440/5441  nb  0   -192,  0
  338    zoom 0fff   xctrl a000   yctrl 0000  code 5480/5481  nb  0   -192,  0
  339    zoom 0fff   xctrl a000   yctrl 0000  code 54c0/54c1  nb  0   -192,  0
  340    zoom 0fff   xctrl a000   yctrl 0000  code 5500/5501  nb  0   -192,  0
  341    zoom 0000   xctrl a000   yctrl 0000  code 5540/5541  nb  0   -192,  0
  342    zoom 0000   xctrl a000   yctrl 0000  code 5580/5581  nb  0   -192,  0
  343    zoom 0000   xctrl a000   yctrl 0000  code 55c0/55c1  nb  0   -192,  0
  344    zoom 0000   xctrl a000   yctrl 0000  code 5600/5601  nb  0   -192,  0
  345    zoom 0000   xctrl a000   yctrl 0000  code 5640/5641  nb  0   -192,  0
  346    zoom 0000   xctrl a000   yctrl 0000  code 5680/5681  nb  0   -192,  0
  347    zoom 0000   xctrl a000   yctrl 0000  code 56c0/56c1  nb  0   -192,  0
  348    zoom 0000   xctrl a000   yctrl 0000  code 5700/5701  nb  0   -192,  0
  349    zoom 0000   xctrl a000   yctrl 0000  code 5740/5741  nb  0   -192,  0
  350    zoom 0000   xctrl a000   yctrl 0000  code 5780/5781  nb  0   -192,  0
  351    zoom 0000   xctrl a000   yctrl 0000  code 57c0/57c1  nb  0   -192,  0
  352    zoom 0000   xctrl a000   yctrl 0000  code 5800/5801  nb  0   -192,  0
  353    zoom 0000   xctrl a000   yctrl 0000  code 5840/5841  nb  0   -192,  0
  354    zoom 0000   xctrl a000   yctrl 0000  code 5880/5881  nb  0   -192,  0
  355    zoom 0000   xctrl a000   yctrl 0000  code 58c0/58c1  nb  0   -192,  0
  356    zoom 0000   xctrl a000   yctrl 0000  code 5900/5901  nb  0   -192,  0
  357    zoom 0000   xctrl a000   yctrl 0000  code 5940/5941  nb  0   -192,  0
  358    zoom 0000   xctrl a000   yctrl 0000  code 5980/5981  nb  0   -192,  0
  359    zoom 0000   xctrl a000   yctrl 0000  code 59c0/59c1  nb  0   -192,  0
  360    zoom 0000   xctrl a000   yctrl 0000  code 5a00/5a01  nb  0   -192,  0
  361    zoom 0fff   xctrl 1800   yctrl 0000  code aa70/0000  nb  0     48,  0
  362    zoom 0fff   xctrl be00   yctrl 0000  code aa70/0000  nb  0   -132,  0
  363    zoom 0fff   xctrl be00   yctrl 0000  code aa70/0000  nb  0   -132,  0
  364    zoom 0fff   xctrl be00   yctrl 0000  code aa70/0000  nb  0   -132,  0
  365    zoom 0fff   xctrl be00   yctrl 0000  code aa70/0000  nb  0   -132,  0
  366    zoom 0fff   xctrl be00   yctrl 0000  code aa70/0000  nb  0   -132,  0
  367    zoom 0fff   xctrl be00   yctrl 0000  code aa70/0000  nb  0   -132,  0
  368    zoom 0fff   xctrl be00   yctrl 0000  code aa70/0000  nb  0   -132,  0
  369    zoom 0fff   xctrl be00   yctrl 0000  code aa70/0000  nb  0   -132,  0
  370    zoom 0fff   xctrl be00   yctrl 0000  code aa70/0000  nb  0   -132,  0
  371    zoom 0fff   xctrl be00   yctrl 0000  code aa70/0000  nb  0   -132,  0
  372    zoom 0fff   xctrl be00   yctrl 0000  code aa70/0000  nb  0   -132,  0
  373    zoom 0fff   xctrl be00   yctrl 0000  code aa70/0000  nb  0   -132,  0
  374    zoom 0fff   xctrl be00   yctrl 0000  code aa70/0000  nb  0   -132,  0
  375    zoom 0fff   xctrl be00   yctrl 0000  code aa70/0000  nb  0   -132,  0
  376    zoom 0fff   xctrl be00   yctrl 0000  code aa70/0000  nb  0   -132,  0
  377    zoom 0000   xctrl be00   yctrl 0000  code 5e40/5e41  nb  0   -132,  0
  378    zoom 0000   xctrl be00   yctrl 0000  code 5e80/5e81  nb  0   -132,  0
  379    zoom 0000   xctrl be00   yctrl 0000  code 5ec0/5ec1  nb  0   -132,  0
  380    zoom 0000   xctrl be00   yctrl 0000  code 5f00/5f01  nb  0   -132,  0
  381    zoom 0fff   xctrl be00   yctrl 0000  code 5f40/5f41  nb  0   -132,  0
  382    zoom 0fff   xctrl be00   yctrl 0000  code 5f80/5f81  nb  0   -132,  0
  383    zoom 0fff   xctrl be00   yctrl 0000  code 5fc0/5fc1  nb  0   -132,  0
  384    zoom 0fff   xctrl be00   yctrl 0000  code 6000/6001  nb  0   -132,  0
  385    zoom 0fff   xctrl be00   yctrl 0000  code 6040/6041  nb  0   -132,  0
  386    zoom 0fff   xctrl be00   yctrl 0000  code 6080/6081  nb  0   -132,  0
  387    zoom 0fff   xctrl be00   yctrl 0000  code 60c0/60c1  nb  0   -132,  0
  388    zoom 0fff   xctrl be00   yctrl 0000  code 6100/6101  nb  0   -132,  0
  389    zoom 0fff   xctrl be00   yctrl 0000  code 6140/6141  nb  0   -132,  0
  390    zoom 0fff   xctrl be00   yctrl 0000  code 6180/6181  nb  0   -132,  0
  391    zoom 0fff   xctrl be00   yctrl 0000  code 61c0/61c1  nb  0   -132,  0
  392    zoom 0fff   xctrl be00   yctrl 0000  code 6200/6201  nb  0   -132,  0
  393    zoom 0fff   xctrl be00   yctrl 0000  code 6240/6241  nb  0   -132,  0
  394    zoom 0fff   xctrl be00   yctrl 0000  code 6280/6281  nb  0   -132,  0
  395    zoom 0fff   xctrl be00   yctrl 0000  code 62c0/62c1  nb  0   -132,  0
  396    zoom 0fff   xctrl be00   yctrl 0000  code 6300/6301  nb  0   -132,  0
  397    zoom 0fff   xctrl be00   yctrl 0000  code 6340/6341  nb  0   -132,  0
  398    zoom 0fff   xctrl be00   yctrl 0000  code 6380/6381  nb  0   -132,  0
  399    zoom 0fff   xctrl be00   yctrl 0000  code 63c0/63c1  nb  0   -132,  0
  400    zoom 0fff   xctrl be00   yctrl 0000  code 6400/6401  nb  0   -132,  0
  401    zoom 0fff   xctrl be00   yctrl 0000  code 6440/6441  nb  0   -132,  0
  402    zoom 0fff   xctrl be00   yctrl 0000  code 6480/6481  nb  0   -132,  0
  403    zoom 0fff   xctrl be00   yctrl 0000  code 64c0/64c1  nb  0   -132,  0
  404    zoom 0fff   xctrl be00   yctrl 0000  code 6500/6501  nb  0   -132,  0
  405    zoom 0fff   xctrl be00   yctrl 0000  code 6540/6541  nb  0   -132,  0
  406    zoom 0fff   xctrl be00   yctrl 0000  code 6580/6581  nb  0   -132,  0
  407    zoom 0fff   xctrl be00   yctrl 0000  code 65c0/65c1  nb  0   -132,  0
  408    zoom 0fff   xctrl be00   yctrl 0000  code 6600/6601  nb  0   -132,  0
  409    zoom 0fff   xctrl be00   yctrl 0000  code 6640/6641  nb  0   -132,  0
  410    zoom 0fff   xctrl be00   yctrl 0000  code 6680/6681  nb  0   -132,  0
  411    zoom 0fff   xctrl be00   yctrl 0000  code 66c0/66c1  nb  0   -132,  0
  412    zoom 0fff   xctrl be00   yctrl 0000  code 6700/6701  nb  0   -132,  0
  413    zoom 0fff   xctrl be00   yctrl 0000  code 6740/6741  nb  0   -132,  0
  414    zoom 0fff   xctrl be00   yctrl 0000  code 6780/6781  nb  0   -132,  0
  415    zoom 0fff   xctrl be00   yctrl 0000  code 67c0/67c1  nb  0   -132,  0
  416    zoom 0fff   xctrl be00   yctrl 0000  code 6800/6801  nb  0   -132,  0
  417    zoom 0fff   xctrl be00   yctrl 0000  code 6840/6841  nb  0   -132,  0
  418    zoom 0fff   xctrl be00   yctrl 0000  code 6880/6881  nb  0   -132,  0
  419    zoom 0fff   xctrl be00   yctrl 0000  code 68c0/68c1  nb  0   -132,  0
  420    zoom 0fff   xctrl be00   yctrl 0000  code 6900/6901  nb  0   -132,  0
  421    zoom 0fff   xctrl be00   yctrl 0000  code 6940/6941  nb  0   -132,  0
  422    zoom 0fff   xctrl be00   yctrl 0000  code 6980/6981  nb  0   -132,  0
  423    zoom 0fff   xctrl be00   yctrl 0000  code 69c0/69c1  nb  0   -132,  0
  424    zoom 0fff   xctrl be00   yctrl 0000  code 6a00/6a01  nb  0   -132,  0
  425    zoom 0fff   xctrl be00   yctrl 0000  code 6a40/6a41  nb  0   -132,  0
  426    zoom 0fff   xctrl be00   yctrl 0000  code 6a80/6a81  nb  0   -132,  0
  427    zoom 0fff   xctrl be00   yctrl 0000  code 6ac0/6ac1  nb  0   -132,  0
  428    zoom 0fff   xctrl be00   yctrl 0000  code 6b00/6b01  nb  0   -132,  0
  429    zoom 0fff   xctrl be00   yctrl 0000  code 6b40/6b41  nb  0   -132,  0
  430    zoom 0fff   xctrl be00   yctrl 0000  code 6b80/6b81  nb  0   -132,  0
  431    zoom 0fff   xctrl be00   yctrl 0000  code 6bc0/6bc1  nb  0   -132,  0
  432    zoom 0fff   xctrl be00   yctrl 0000  code 6c00/6c01  nb  0   -132,  0
  433    zoom 0fff   xctrl be00   yctrl 0000  code 6c40/6c41  nb  0   -132,  0
  434    zoom 0fff   xctrl be00   yctrl 0000  code 6c80/6c81  nb  0   -132,  0
  435    zoom 0fff   xctrl be00   yctrl 0000  code 6cc0/6cc1  nb  0   -132,  0
  436    zoom 0fff   xctrl be00   yctrl 0000  code 6d00/6d01  nb  0   -132,  0
  437    zoom 0fff   xctrl be00   yctrl 0000  code 6d40/6d41  nb  0   -132,  0
  438    zoom 0fff   xctrl be00   yctrl 0000  code 6d80/6d81  nb  0   -132,  0
  439    zoom 0fff   xctrl be00   yctrl 0000  code 6dc0/6dc1  nb  0   -132,  0
  440    zoom 0fff   xctrl be00   yctrl 0000  code 6e00/6e01  nb  0   -132,  0
  441    zoom 0fff   xctrl be00   yctrl 0000  code 6e40/6e41  nb  0   -132,  0
  442    zoom 0fff   xctrl be00   yctrl 0000  code 6e80/6e81  nb  0   -132,  0
  443    zoom 0fff   xctrl be00   yctrl 0000  code 6ec0/6ec1  nb  0   -132,  0
  444    zoom 0fff   xctrl be00   yctrl 0000  code 6f00/6f01  nb  0   -132,  0
  445    zoom 0fff   xctrl be00   yctrl 0000  code 6f40/6f41  nb  0   -132,  0
  446    zoom 0fff   xctrl be00   yctrl 0000  code 6f80/6f81  nb  0   -132,  0
  447    zoom 0fff   xctrl be00   yctrl 0000  code 6fc0/6fc1  nb  0   -132,  0
